
RUN: node-version
PASS: node-version
RUN: pnpm-version
PASS: pnpm-version
RUN: git-diff-check
PASS: git-diff-check
RUN: pnpm-typecheck
FAIL: pnpm-typecheck
RUN: ui-kit-contracts
FAIL: ui-kit-contracts
RUN: guard-contracts-foundation
PASS: guard-contracts-foundation
RUN: guard-no-direct-tamagui-outside-ui-kit
PASS: guard-no-direct-tamagui-outside-ui-kit
RUN: guard-no-ui-kit-deep-imports
PASS: guard-no-ui-kit-deep-imports
RUN: guard-no-local-design-system
PASS: guard-no-local-design-system
RUN: guard-no-raw-hex-outside-ui-kit
PASS: guard-no-raw-hex-outside-ui-kit
RUN: guard-no-expo-in-ui-kit
PASS: guard-no-expo-in-ui-kit
RUN: guard-no-react-native-runtime-dependency-in-ui-kit
FAIL: guard-no-react-native-runtime-dependency-in-ui-kit
RUN: guard-no-safe-area-in-ui-kit-runtime
PASS: guard-no-safe-area-in-ui-kit-runtime
RUN: guard-no-vector-icons-direct-in-ui-kit
PASS: guard-no-vector-icons-direct-in-ui-kit
RUN: guard-no-domain-component-in-ui-kit
PASS: guard-no-domain-component-in-ui-kit
RUN: guard-no-app-shell-design-ownership
PASS: guard-no-app-shell-design-ownership
RUN: guard-no-duplicate-design-primitives
PASS: guard-no-duplicate-design-primitives
RUN: guard-no-unsafe-ui-kit-tamagui-casts
FAIL: guard-no-unsafe-ui-kit-tamagui-casts
RUN: guard-ui-kit-token-binding
PASS: guard-ui-kit-token-binding
RUN: guard-no-preview-demo-mock-runtime
PASS: guard-no-preview-demo-mock-runtime
RUN: guard-no-broken-imports
PASS: guard-no-broken-imports
RUN: guard-service-fullstack-linkage
PASS: guard-service-fullstack-linkage
RUN: guard-dsh-service-activation
FAIL: guard-dsh-service-activation
RUN: guard-go-backend-runtime
PASS: guard-go-backend-runtime
RUN: guard-performance-runtime-baseline
PASS: guard-performance-runtime-baseline
RUN: guard-docker-runtime-profiles
FAIL: guard-docker-runtime-profiles
RUN: guard-dsh-frontend-shared-ownership
PASS: guard-dsh-frontend-shared-ownership
RUN: guard-wlt-dsh-frontend-shared-ownership
PASS: guard-wlt-dsh-frontend-shared-ownership
RUN: guard-dsh-frontend-shared-boundary-imports
PASS: guard-dsh-frontend-shared-boundary-imports
RUN: guard-unified-fullstack-brain
PASS: guard-unified-fullstack-brain
RUN: guard-canonical-host-ports
PASS: guard-canonical-host-ports
RUN: guard-no-hardcoded-local-repo-root
PASS: guard-no-hardcoded-local-repo-root
RUN: guard-dsh-store-role-boundary
FAIL: guard-dsh-store-role-boundary
RUN: guard-dsh-catalog-ownership
PASS: guard-dsh-catalog-ownership
RUN: guard-dsh-cart-serviceability
PASS: guard-dsh-cart-serviceability
