
> @bthwani/dsh@0.0.0 typecheck /home/runner/work/bthwani-suite-next/bthwani-suite-next/services/dsh
> tsc -p tsconfig.json --noEmit

frontend/app-client/DshClientSurface.tsx(85,26): error TS2339: Property 'parse' does not exist on type 'LinkingImpl'.
frontend/app-client/account/BenefitsHubScreen.tsx(29,5): error TS2322: Type '({ id: string; title: string; subtitle: string; badge: string; } | { id: string; title: string; subtitle: string; badge: string; helper: string | undefined; })[]' is not assignable to type 'readonly BenefitRow[]'.
  Type '{ id: string; title: string; subtitle: string; badge: string; } | { id: string; title: string; subtitle: string; badge: string; helper: string | undefined; }' is not assignable to type 'BenefitRow' with 'exactOptionalPropertyTypes: true'. Consider adding 'undefined' to the types of the target's properties.
    Type '{ id: string; title: string; subtitle: string; badge: string; helper: string | undefined; }' is not assignable to type 'BenefitRow' with 'exactOptionalPropertyTypes: true'. Consider adding 'undefined' to the types of the target's properties.
      Types of property 'helper' are incompatible.
        Type 'string | undefined' is not assignable to type 'string'.
          Type 'undefined' is not assignable to type 'string'.
frontend/app-partner/account/PartnerHubScreen.tsx(256,55): error TS2554: Expected 1 arguments, but got 2.
frontend/app-partner/account/PromotionsScreen.tsx(19,10): error TS2724: '"../../shared/marketing"' has no exported member named 'usePartnerSelfOffersController'. Did you mean 'useGovernedPartnerOffersController'?
frontend/app-partner/account/PromotionsScreen.tsx(157,43): error TS7006: Parameter 'offer' implicitly has an 'any' type.
frontend/app-partner/account/PromotionsScreen.tsx(168,42): error TS7006: Parameter 'row' implicitly has an 'any' type.
frontend/app-partner/account/PromotionsScreen.tsx(169,43): error TS7006: Parameter 'row' implicitly has an 'any' type.
frontend/app-partner/account/PromotionsScreen.tsx(170,44): error TS7006: Parameter 'row' implicitly has an 'any' type.
frontend/app-partner/account/PromotionsScreen.tsx(217,33): error TS7031: Binding element 'offer' implicitly has an 'any' type.
frontend/app-partner/account/PromotionsScreen.tsx(217,40): error TS7031: Binding element 'visibility' implicitly has an 'any' type.
frontend/app-partner/account/PromotionsScreen.tsx(217,54): error TS7006: Parameter 'index' implicitly has an 'any' type.
frontend/app-partner/account/PromotionsScreen.tsx(243,34): error TS7031: Binding element 'offer' implicitly has an 'any' type.
frontend/app-partner/account/PromotionsScreen.tsx(243,41): error TS7031: Binding element 'visibility' implicitly has an 'any' type.
frontend/app-partner/account/PromotionsScreen.tsx(243,55): error TS7006: Parameter 'index' implicitly has an 'any' type.
frontend/app-partner/account/PromotionsScreen.tsx(269,35): error TS7031: Binding element 'offer' implicitly has an 'any' type.
frontend/app-partner/account/PromotionsScreen.tsx(269,42): error TS7031: Binding element 'visibility' implicitly has an 'any' type.
frontend/app-partner/account/PromotionsScreen.tsx(269,56): error TS7006: Parameter 'index' implicitly has an 'any' type.
frontend/control-panel/marketing/MarketingDashboardScreen.tsx(9,3): error TS2724: '"../../shared/marketing"' has no exported member named 'useMarketingKpiMetricsController'. Did you mean 'useMarketingTickersController'?
frontend/control-panel/marketing/MarketingDashboardScreen.tsx(10,3): error TS2724: '"../../shared/marketing"' has no exported member named 'useMarketingDeliverySignalsController'. Did you mean 'useMarketingTickersController'?
frontend/control-panel/marketing/components/CouponFundingReconciliationPanel.tsx(87,51): error TS2339: Property 'statusDangerText' does not exist on type '{ readonly brandAction: "#FF500D"; readonly brandActionHover: "#E5480C"; readonly brandActionPressed: "#B73809"; readonly brandActionSoft: "#FFF3ED"; readonly brandActionTint: string; ... 23 more ...; readonly shadowBase: "#000000"; }'.
frontend/control-panel/marketing/components/SignalsMeasurementCommandDeck.tsx(3,10): error TS2305: Module '"../../../shared/marketing"' has no exported member 'useVisibilityGatesController'.
frontend/control-panel/marketing/components/TickerCommandDeck.tsx(13,10): error TS2305: Module '"../../../shared/marketing"' has no exported member 'useTickersController'.
frontend/control-panel/marketing/components/TickerCommandDeck.tsx(30,10): error TS7006: Parameter 'item' implicitly has an 'any' type.
frontend/control-panel/marketing/components/TickerCommandDeck.tsx(73,38): error TS7006: Parameter 'item' implicitly has an 'any' type.
frontend/control-panel/operations/ExceptionsEscalationsScreen.tsx(140,74): error TS2345: Argument of type 'string | null | undefined' is not assignable to parameter of type 'string'.
  Type 'undefined' is not assignable to type 'string'.
frontend/control-panel/operations/ExceptionsEscalationsScreen.tsx(239,54): error TS2345: Argument of type 'string | null | undefined' is not assignable to parameter of type 'string'.
  Type 'undefined' is not assignable to type 'string'.
frontend/control-panel/operations/ExceptionsEscalationsScreen.tsx(244,58): error TS2464: A computed property name must be of type 'string', 'number', 'symbol', or 'any'.
frontend/control-panel/operations/ExceptionsEscalationsScreen.tsx(379,102): error TS2322: Type 'string | null | undefined' is not assignable to type 'string | undefined'.
  Type 'null' is not assignable to type 'string | undefined'.
frontend/control-panel/operations/ExceptionsEscalationsScreen.tsx(420,52): error TS2538: Type 'null' cannot be used as an index type.
frontend/control-panel/operations/ExceptionsEscalationsScreen.tsx(420,52): error TS2538: Type 'undefined' cannot be used as an index type.
frontend/control-panel/operations/ExceptionsEscalationsScreen.tsx(437,28): error TS7053: Element implicitly has an 'any' type because expression of type 'any' can't be used to index type 'Record<DshFinancialClosureStatus, string>'.
frontend/control-panel/operations/ExceptionsEscalationsScreen.tsx(465,102): error TS2322: Type 'string | null | undefined' is not assignable to type 'string | undefined'.
  Type 'null' is not assignable to type 'string | undefined'.
frontend/control-panel/operations/ExceptionsEscalationsScreen.tsx(605,32): error TS2538: Type 'null' cannot be used as an index type.
frontend/control-panel/operations/ExceptionsEscalationsScreen.tsx(605,32): error TS2538: Type 'undefined' cannot be used as an index type.
frontend/control-panel/operations/ExceptionsEscalationsScreen.tsx(608,24): error TS7053: Element implicitly has an 'any' type because expression of type 'any' can't be used to index type 'Record<DshFinancialClosureStatus, string>'.
frontend/control-panel/operations/ExceptionsEscalationsScreen.tsx(608,69): error TS2538: Type 'null' cannot be used as an index type.
frontend/control-panel/operations/ExceptionsEscalationsScreen.tsx(608,69): error TS2538: Type 'undefined' cannot be used as an index type.
frontend/control-panel/operations/ExceptionsEscalationsScreen.tsx(609,57): error TS2538: Type 'null' cannot be used as an index type.
frontend/control-panel/operations/ExceptionsEscalationsScreen.tsx(609,57): error TS2538: Type 'undefined' cannot be used as an index type.
frontend/control-panel/operations/ExceptionsEscalationsScreen.tsx(611,36): error TS2538: Type 'null' cannot be used as an index type.
frontend/control-panel/operations/ExceptionsEscalationsScreen.tsx(611,36): error TS2538: Type 'undefined' cannot be used as an index type.
frontend/control-panel/operations/ExceptionsEscalationsScreen.tsx(613,55): error TS2538: Type 'null' cannot be used as an index type.
frontend/control-panel/operations/ExceptionsEscalationsScreen.tsx(613,55): error TS2538: Type 'undefined' cannot be used as an index type.
frontend/control-panel/operations/ExceptionsEscalationsScreen.tsx(616,36): error TS2538: Type 'null' cannot be used as an index type.
frontend/control-panel/operations/ExceptionsEscalationsScreen.tsx(616,36): error TS2538: Type 'undefined' cannot be used as an index type.
frontend/control-panel/operations/ExceptionsEscalationsScreen.tsx(618,40): error TS2538: Type 'null' cannot be used as an index type.
frontend/control-panel/operations/ExceptionsEscalationsScreen.tsx(618,40): error TS2538: Type 'undefined' cannot be used as an index type.
frontend/shared/marketing/use-marketing-controller.ts(67,7): error TS2353: Object literal may only specify known properties, and 'targetCityCode' does not exist in type 'CampaignCreatePayload'.
frontend/shared/notifications/ActorNotificationsPanel.tsx(152,45): error TS2322: Type '"subtle"' is not assignable to type '"default" | "success" | "action" | "warning" | "danger" | "info" | "inset" | "raised" | undefined'.
frontend/shared/special-requests/OperatorSpecialRequestsWorkbench.tsx(149,9): error TS2322: Type 'SpecialRequestStatus' is not assignable to type '"assigned" | "cancelled" | "approved" | "rejected" | "completed" | "in_progress" | "under_review" | "needs_customer_input"'.
  Type '"submitted"' is not assignable to type '"assigned" | "cancelled" | "approved" | "rejected" | "completed" | "in_progress" | "under_review" | "needs_customer_input"'.
 ELIFECYCLE  Command failed with exit code 2.
