
> @bthwani/dsh@0.0.0 typecheck /Users/runner/work/bthwani-suite-next/bthwani-suite-next/services/dsh
> tsc -p tsconfig.json --noEmit

frontend/app-client/DshClientSurface.tsx(85,26): error TS2339: Property 'parse' does not exist on type 'LinkingImpl'.
frontend/app-partner/account/PartnerHubScreen.tsx(256,55): error TS2554: Expected 1 arguments, but got 2.
frontend/app-partner/account/PromotionsScreen.tsx(19,10): error TS2724: '"../../shared/marketing"' has no exported member named 'usePartnerSelfOffersController'. Did you mean 'useGovernedPartnerOffersController'?
frontend/app-partner/account/PromotionsScreen.tsx(157,43): error TS7006: Parameter 'offer' implicitly has an 'any' type.
frontend/app-partner/account/PromotionsScreen.tsx(168,42): error TS7006: Parameter 'row' implicitly has an 'any' type.
frontend/app-partner/account/PromotionsScreen.tsx(169,43): error TS7006: Parameter 'row' implicitly has an 'any' type.
frontend/app-partner/account/PromotionsScreen.tsx(170,44): error TS7006: Parameter 'row' implicitly has an 'any' type.
frontend/app-partner/account/PromotionsScreen.tsx(217,33): error TS7031: Binding element 'offer' implicitly has an 'any' type.
frontend/app-partner/account/PromotionsScreen.tsx(217,40): error TS7031: Binding element 'visibility' implicitly has an 'any' type.
frontend/app-partner/account/PromotionsScreen.tsx(217,54): error TS7006: Parameter 'index' implicitly has an 'any' type.
frontend/app-partner/account/PromotionsScreen.tsx(243,34): error TS7031: Binding element 'offer' implicitly has an 'any' type.
frontend/app-partner/account/PromotionsScreen.tsx(243,41): error TS7031: Binding element 'visibility' implicitly has an 'any' type.
frontend/app-partner/account/PromotionsScreen.tsx(243,55): error TS7006: Parameter 'index' implicitly has an 'any' type.
frontend/app-partner/account/PromotionsScreen.tsx(269,35): error TS7031: Binding element 'offer' implicitly has an 'any' type.
frontend/app-partner/account/PromotionsScreen.tsx(269,42): error TS7031: Binding element 'visibility' implicitly has an 'any' type.
frontend/app-partner/account/PromotionsScreen.tsx(269,56): error TS7006: Parameter 'index' implicitly has an 'any' type.
frontend/control-panel/finance/Jrn036CommissionGovernancePanel.tsx(5,38): error TS2307: Cannot find module '../../shared/finance-wlt-link/_kernel/dsh-api-base-url' or its corresponding type declarations.
frontend/control-panel/finance/Jrn036CommissionGovernancePanel.tsx(6,37): error TS2307: Cannot find module '../../shared/finance-wlt-link/_kernel/dsh-http-request' or its corresponding type declarations.
frontend/control-panel/finance/PaymentSessionOperationsScreen.tsx(28,41): error TS2339: Property 'borderSubtle' does not exist on type '{ readonly background: "#FFFCF8"; readonly backgroundAlt: "#FFFFFF"; readonly surface: "#FFFFFF"; readonly surfaceRaised: "#FFFCF8"; readonly surfaceInset: "#F8F5F0"; readonly surfaceOverlay: string; ... 21 more ...; readonly shadowColor: "#000000"; }'.
frontend/control-panel/finance/PaymentSessionOperationsScreen.tsx(31,32): error TS2339: Property 'surfacePrimary' does not exist on type '{ readonly background: "#FFFCF8"; readonly backgroundAlt: "#FFFFFF"; readonly surface: "#FFFFFF"; readonly surfaceRaised: "#FFFCF8"; readonly surfaceInset: "#F8F5F0"; readonly surfaceOverlay: string; ... 21 more ...; readonly shadowColor: "#000000"; }'.
frontend/control-panel/finance/PaymentSessionOperationsScreen.tsx(32,27): error TS2339: Property 'textPrimary' does not exist on type '{ readonly background: "#FFFCF8"; readonly backgroundAlt: "#FFFFFF"; readonly surface: "#FFFFFF"; readonly surfaceRaised: "#FFFCF8"; readonly surfaceInset: "#F8F5F0"; readonly surfaceOverlay: string; ... 21 more ...; readonly shadowColor: "#000000"; }'.
frontend/control-panel/finance/PaymentSessionOperationsScreen.tsx(145,85): error TS2339: Property 'borderSubtle' does not exist on type '{ readonly background: "#FFFCF8"; readonly backgroundAlt: "#FFFFFF"; readonly surface: "#FFFFFF"; readonly surfaceRaised: "#FFFCF8"; readonly surfaceInset: "#F8F5F0"; readonly surfaceOverlay: string; ... 21 more ...; readonly shadowColor: "#000000"; }'.
frontend/control-panel/finance/PaymentSessionOperationsScreen.tsx(155,96): error TS2339: Property 'borderSubtle' does not exist on type '{ readonly background: "#FFFCF8"; readonly backgroundAlt: "#FFFFFF"; readonly surface: "#FFFFFF"; readonly surfaceRaised: "#FFFCF8"; readonly surfaceInset: "#F8F5F0"; readonly surfaceOverlay: string; ... 21 more ...; readonly shadowColor: "#000000"; }'.
frontend/control-panel/finance/PaymentSessionOperationsScreen.tsx(165,82): error TS2339: Property 'borderSubtle' does not exist on type '{ readonly background: "#FFFCF8"; readonly backgroundAlt: "#FFFFFF"; readonly surface: "#FFFFFF"; readonly surfaceRaised: "#FFFCF8"; readonly surfaceInset: "#F8F5F0"; readonly surfaceOverlay: string; ... 21 more ...; readonly shadowColor: "#000000"; }'.
frontend/control-panel/marketing/components/SignalsMeasurementCommandDeck.tsx(3,10): error TS2305: Module '"../../../shared/marketing"' has no exported member 'useVisibilityGatesController'.
frontend/control-panel/marketing/components/TickerCommandDeck.tsx(13,10): error TS2305: Module '"../../../shared/marketing"' has no exported member 'useTickersController'.
frontend/control-panel/marketing/components/TickerCommandDeck.tsx(30,10): error TS7006: Parameter 'item' implicitly has an 'any' type.
frontend/control-panel/marketing/components/TickerCommandDeck.tsx(73,38): error TS7006: Parameter 'item' implicitly has an 'any' type.
frontend/control-panel/marketing/MarketingDashboardScreen.tsx(9,3): error TS2724: '"../../shared/marketing"' has no exported member named 'useMarketingKpiMetricsController'. Did you mean 'useMarketingTickersController'?
frontend/control-panel/marketing/MarketingDashboardScreen.tsx(10,3): error TS2724: '"../../shared/marketing"' has no exported member named 'useMarketingDeliverySignalsController'. Did you mean 'useMarketingTickersController'?
frontend/control-panel/operations/ExceptionsEscalationsScreen.tsx(140,74): error TS2345: Argument of type 'string | null | undefined' is not assignable to parameter of type 'string'.
  Type 'undefined' is not assignable to type 'string'.
frontend/control-panel/operations/ExceptionsEscalationsScreen.tsx(239,54): error TS2345: Argument of type 'string | null | undefined' is not assignable to parameter of type 'string'.
  Type 'undefined' is not assignable to type 'string'.
frontend/control-panel/operations/ExceptionsEscalationsScreen.tsx(244,58): error TS2464: A computed property name must be of type 'string', 'number', 'symbol', or 'any'.
frontend/control-panel/operations/ExceptionsEscalationsScreen.tsx(379,102): error TS2322: Type 'string | null | undefined' is not assignable to type 'string | undefined'.
  Type 'null' is not assignable to type 'string | undefined'.
frontend/control-panel/operations/ExceptionsEscalationsScreen.tsx(420,52): error TS2538: Type 'null' cannot be used as an index type.
frontend/control-panel/operations/ExceptionsEscalationsScreen.tsx(420,52): error TS2538: Type 'undefined' cannot be used as an index type.
frontend/control-panel/operations/ExceptionsEscalationsScreen.tsx(437,28): error TS7053: Element implicitly has an 'any' type because expression of type 'any' can't be used to index type 'Record<DshFinancialClosureStatus, string>'.
frontend/control-panel/operations/ExceptionsEscalationsScreen.tsx(465,102): error TS2322: Type 'string | null | undefined' is not assignable to type 'string | undefined'.
  Type 'null' is not assignable to type 'string | undefined'.
frontend/control-panel/operations/ExceptionsEscalationsScreen.tsx(605,32): error TS2538: Type 'null' cannot be used as an index type.
frontend/control-panel/operations/ExceptionsEscalationsScreen.tsx(605,32): error TS2538: Type 'undefined' cannot be used as an index type.
frontend/control-panel/operations/ExceptionsEscalationsScreen.tsx(608,24): error TS7053: Element implicitly has an 'any' type because expression of type 'any' can't be used to index type 'Record<DshFinancialClosureStatus, string>'.
frontend/control-panel/operations/ExceptionsEscalationsScreen.tsx(608,69): error TS2538: Type 'null' cannot be used as an index type.
frontend/control-panel/operations/ExceptionsEscalationsScreen.tsx(608,69): error TS2538: Type 'undefined' cannot be used as an index type.
frontend/control-panel/operations/ExceptionsEscalationsScreen.tsx(609,57): error TS2538: Type 'null' cannot be used as an index type.
frontend/control-panel/operations/ExceptionsEscalationsScreen.tsx(609,57): error TS2538: Type 'undefined' cannot be used as an index type.
frontend/control-panel/operations/ExceptionsEscalationsScreen.tsx(611,36): error TS2538: Type 'null' cannot be used as an index type.
frontend/control-panel/operations/ExceptionsEscalationsScreen.tsx(611,36): error TS2538: Type 'undefined' cannot be used as an index type.
frontend/control-panel/operations/ExceptionsEscalationsScreen.tsx(613,55): error TS2538: Type 'null' cannot be used as an index type.
frontend/control-panel/operations/ExceptionsEscalationsScreen.tsx(613,55): error TS2538: Type 'undefined' cannot be used as an index type.
frontend/control-panel/operations/ExceptionsEscalationsScreen.tsx(616,36): error TS2538: Type 'null' cannot be used as an index type.
frontend/control-panel/operations/ExceptionsEscalationsScreen.tsx(616,36): error TS2538: Type 'undefined' cannot be used as an index type.
frontend/control-panel/operations/ExceptionsEscalationsScreen.tsx(618,40): error TS2538: Type 'null' cannot be used as an index type.
frontend/control-panel/operations/ExceptionsEscalationsScreen.tsx(618,40): error TS2538: Type 'undefined' cannot be used as an index type.
frontend/control-panel/platform/Jrn029OperationalPolicySection.tsx(243,59): error TS2379: Argument of type '{ zoneId: string; serviceAreaCode: string | undefined; fulfillmentMode: DshFulfillmentMode; slaCategory: string; activeOrders: number; captainsOnline: number; }' is not assignable to parameter of type 'DshOperationalEvaluationInput' with 'exactOptionalPropertyTypes: true'. Consider adding 'undefined' to the types of the target's properties.
  Types of property 'serviceAreaCode' are incompatible.
    Type 'string | undefined' is not assignable to type 'string'.
      Type 'undefined' is not assignable to type 'string'.
frontend/shared/finance-wlt-link/jrn036/jrn036.api.ts(129,5): error TS2353: Object literal may only specify known properties, and 'headers' does not exist in type 'DshRequestOptions'.
frontend/shared/finance-wlt-link/jrn036/jrn036.api.ts(143,7): error TS2353: Object literal may only specify known properties, and 'headers' does not exist in type 'DshRequestOptions'.
frontend/shared/finance-wlt-link/wlt-refund/OrderRefundStatusCard.tsx(20,36): error TS2322: Type '{ children: Element; style: { padding: 12; gap: 8; borderWidth: number; borderColor: string; backgroundColor: "#FFFFFF"; marginTop: 12; }; accessibilityLabel: string; }' is not assignable to type 'IntrinsicAttributes & SurfaceProps'.
  Property 'accessibilityLabel' does not exist on type 'IntrinsicAttributes & SurfaceProps'.
frontend/shared/finance-wlt-link/wlt-refund/OrderRefundStatusCard.tsx(39,34): error TS2322: Type '{ children: (Element | Element[] | null)[]; style: { padding: 12; gap: 8; borderWidth: number; borderColor: string; backgroundColor: "#FFFFFF"; marginTop: 12; }; accessibilityLabel: string; }' is not assignable to type 'IntrinsicAttributes & SurfaceProps'.
  Property 'accessibilityLabel' does not exist on type 'IntrinsicAttributes & SurfaceProps'.
frontend/shared/finance-wlt-link/wlt-refund/wlt-refund.api.ts(95,3): error TS2375: Type '{ id: string; orderId: string; paymentSessionId: string | undefined; clientId: string | undefined; status: DshWltRefundStatus; statusLabel: string; statusBadge: "success" | ... 2 more ... | "neutral"; ... 14 more ...; updatedAt: string | undefined; }' is not assignable to type 'DshWltRefundView' with 'exactOptionalPropertyTypes: true'. Consider adding 'undefined' to the types of the target's properties.
  Types of property 'paymentSessionId' are incompatible.
    Type 'string | undefined' is not assignable to type 'string'.
      Type 'undefined' is not assignable to type 'string'.
frontend/shared/index.ts(21,1): error TS2308: Module './analytics' has already exported a member named 'fetchPartnerPerformance'. Consider explicitly re-exporting to resolve the ambiguity.
frontend/shared/index.ts(22,1): error TS2308: Module './checkout' has already exported a member named 'DshFulfillmentMode'. Consider explicitly re-exporting to resolve the ambiguity.
frontend/shared/marketing/use-marketing-controller.ts(67,7): error TS2353: Object literal may only specify known properties, and 'targetCityCode' does not exist in type 'CampaignCreatePayload'.
frontend/shared/notifications/ActorNotificationsPanel.tsx(152,45): error TS2322: Type '"subtle"' is not assignable to type '"default" | "success" | "action" | "warning" | "danger" | "info" | "inset" | "raised" | undefined'.
 ELIFECYCLE  Command failed with exit code 2.
