go: downloading github.com/google/uuid v1.6.0
go: downloading github.com/lib/pq v1.12.3
go: downloading golang.org/x/image v0.44.0
go: downloading golang.org/x/crypto v0.51.0
go: downloading github.com/minio/minio-go/v7 v7.2.1
go: downloading github.com/cespare/xxhash/v2 v2.3.0
go: downloading github.com/dustin/go-humanize v1.0.1
go: downloading github.com/klauspost/compress v1.18.6
go: downloading github.com/klauspost/crc32 v1.3.0
go: downloading github.com/minio/crc64nvme v1.1.1
go: downloading github.com/minio/md5-simd v1.1.2
go: downloading github.com/zeebo/xxh3 v1.1.0
go: downloading go.yaml.in/yaml/v3 v3.0.4
go: downloading golang.org/x/net v0.53.0
go: downloading gopkg.in/ini.v1 v1.67.2
go: downloading github.com/klauspost/cpuid/v2 v2.2.11
go: downloading golang.org/x/sys v0.44.0
go: downloading github.com/rs/xid v1.6.0
go: downloading github.com/tinylib/msgp v1.6.1
go: downloading github.com/philhofer/fwd v1.2.0
go: downloading golang.org/x/text v0.40.0
--- FAIL: TestJRN032AnalyticsRoutesRegistered (0.00s)
    jrn032_routes_test.go:29: route /dsh/partner/analytics/performance is not registered
FAIL
FAIL	dsh-api/internal/http	0.080s
FAIL
